0 info it worked if it ends with ok
1 verbose cli [ 'C:\\Program Files\\nodejs\\\\node.exe',
1 verbose cli   'C:\\Program Files\\nodejs\\node_modules\\npm\\bin\\npm-cli.js',
1 verbose cli   'install',
1 verbose cli   'lodash' ]
2 info using npm@1.4.28
3 info using node@v0.10.36
4 verbose node symlink C:\Program Files\nodejs\\node.exe
5 verbose readDependencies using package.json deps
6 verbose cache add [ 'lodash', null ]
7 verbose cache add name=undefined spec="lodash" args=["lodash",null]
8 verbose parsed url { protocol: null,
8 verbose parsed url   slashes: null,
8 verbose parsed url   auth: null,
8 verbose parsed url   host: null,
8 verbose parsed url   port: null,
8 verbose parsed url   hostname: null,
8 verbose parsed url   hash: null,
8 verbose parsed url   search: null,
8 verbose parsed url   query: null,
8 verbose parsed url   pathname: 'lodash',
8 verbose parsed url   path: 'lodash',
8 verbose parsed url   href: 'lodash' }
9 silly lockFile 901466a5-lodash lodash
10 verbose lock lodash C:\Users\Maxime\AppData\Roaming\npm-cache\901466a5-lodash.lock
11 silly lockFile 901466a5-lodash lodash
12 silly lockFile 901466a5-lodash lodash
13 verbose addNamed [ 'lodash', '' ]
14 verbose addNamed [ null, '*' ]
15 silly lockFile f856e425-lodash lodash@
16 verbose lock lodash@ C:\Users\Maxime\AppData\Roaming\npm-cache\f856e425-lodash.lock
17 silly addNameRange { name: 'lodash', range: '*', hasData: false }
18 verbose request where is /lodash
19 verbose request registry https://registry.npmjs.org/
20 verbose request id 9b32d4311fc92af2
21 verbose url raw /lodash
22 verbose url resolving [ 'https://registry.npmjs.org/', './lodash' ]
23 verbose url resolved https://registry.npmjs.org/lodash
24 verbose request where is https://registry.npmjs.org/lodash
25 info trying registry request attempt 1 at 14:13:20
26 verbose etag "CCXA1PRUWPXVOJDA1PCARGRTT"
27 http GET https://registry.npmjs.org/lodash
28 http 200 https://registry.npmjs.org/lodash
29 silly registry.get cb [ 200,
29 silly registry.get   { date: 'Sat, 14 Feb 2015 13:13:17 GMT',
29 silly registry.get     server: 'CouchDB/1.5.0 (Erlang OTP/R16B03)',
29 silly registry.get     etag: '"7QMOYP35L264G22YFFZKA9UPB"',
29 silly registry.get     'content-type': 'application/json',
29 silly registry.get     'cache-control': 'max-age=60',
29 silly registry.get     'content-length': '80493',
29 silly registry.get     'accept-ranges': 'bytes',
29 silly registry.get     via: '1.1 varnish',
29 silly registry.get     age: '0',
29 silly registry.get     'x-served-by': 'cache-lcy1124-LCY',
29 silly registry.get     'x-cache': 'HIT',
29 silly registry.get     'x-cache-hits': '1',
29 silly registry.get     'x-timer': 'S1423919597.319263,VS0,VE150',
29 silly registry.get     vary: 'Accept',
29 silly registry.get     'keep-alive': 'timeout=10, max=50',
29 silly registry.get     connection: 'Keep-Alive' } ]
30 silly addNameRange number 2 { name: 'lodash', range: '*', hasData: true }
31 silly addNameRange versions [ 'lodash',
31 silly addNameRange   [ '0.1.0',
31 silly addNameRange     '0.2.0',
31 silly addNameRange     '0.2.1',
31 silly addNameRange     '0.2.2',
31 silly addNameRange     '0.3.0',
31 silly addNameRange     '0.3.1',
31 silly addNameRange     '0.3.2',
31 silly addNameRange     '0.4.0',
31 silly addNameRange     '0.4.1',
31 silly addNameRange     '0.4.2',
31 silly addNameRange     '0.5.0-rc.1',
31 silly addNameRange     '0.5.0',
31 silly addNameRange     '0.5.1',
31 silly addNameRange     '0.5.2',
31 silly addNameRange     '0.6.0',
31 silly addNameRange     '0.6.1',
31 silly addNameRange     '0.7.0',
31 silly addNameRange     '0.8.0',
31 silly addNameRange     '0.8.1',
31 silly addNameRange     '0.8.2',
31 silly addNameRange     '0.9.0',
31 silly addNameRange     '0.9.1',
31 silly addNameRange     '0.9.2',
31 silly addNameRange     '0.10.0',
31 silly addNameRange     '1.0.0-rc.1',
31 silly addNameRange     '1.0.0-rc.2',
31 silly addNameRange     '1.0.0-rc.3',
31 silly addNameRange     '1.0.0',
31 silly addNameRange     '1.0.1',
31 silly addNameRange     '1.1.0',
31 silly addNameRange     '1.1.1',
31 silly addNameRange     '1.2.0',
31 silly addNameRange     '1.2.1',
31 silly addNameRange     '1.3.0',
31 silly addNameRange     '1.3.1',
31 silly addNameRange     '2.0.0',
31 silly addNameRange     '2.1.0',
31 silly addNameRange     '2.2.0',
31 silly addNameRange     '2.2.1',
31 silly addNameRange     '2.3.0',
31 silly addNameRange     '2.4.0',
31 silly addNameRange     '2.4.1',
31 silly addNameRange     '3.0.0',
31 silly addNameRange     '3.0.1',
31 silly addNameRange     '3.1.0',
31 silly addNameRange     '3.2.0' ] ]
32 verbose addNamed [ 'lodash', '3.2.0' ]
33 verbose addNamed [ '3.2.0', '3.2.0' ]
34 silly lockFile 72114675-lodash-3-2-0 lodash@3.2.0
35 verbose lock lodash@3.2.0 C:\Users\Maxime\AppData\Roaming\npm-cache\72114675-lodash-3-2-0.lock
36 silly lockFile acaf3cb2-pmjs-org-lodash-lodash-3-2-0-tgz https://registry.npmjs.org/lodash/-/lodash-3.2.0.tgz
37 verbose lock https://registry.npmjs.org/lodash/-/lodash-3.2.0.tgz C:\Users\Maxime\AppData\Roaming\npm-cache\acaf3cb2-pmjs-org-lodash-lodash-3-2-0-tgz.lock
38 verbose addRemoteTarball [ 'https://registry.npmjs.org/lodash/-/lodash-3.2.0.tgz',
38 verbose addRemoteTarball   '4bf50a3243f9aeb0bac41a55d3d5990675a462fb' ]
39 info retry fetch attempt 1 at 14:13:21
40 verbose fetch to= C:\Users\Maxime\AppData\Local\Temp\npm-7148-yRihOTqH\registry.npmjs.org\lodash\-\lodash-3.2.0.tgz
41 http GET https://registry.npmjs.org/lodash/-/lodash-3.2.0.tgz
42 http 200 https://registry.npmjs.org/lodash/-/lodash-3.2.0.tgz
43 silly lockFile acaf3cb2-pmjs-org-lodash-lodash-3-2-0-tgz https://registry.npmjs.org/lodash/-/lodash-3.2.0.tgz
44 silly lockFile acaf3cb2-pmjs-org-lodash-lodash-3-2-0-tgz https://registry.npmjs.org/lodash/-/lodash-3.2.0.tgz
45 silly lockFile 72114675-lodash-3-2-0 lodash@3.2.0
46 silly lockFile 72114675-lodash-3-2-0 lodash@3.2.0
47 silly lockFile f856e425-lodash lodash@
48 silly lockFile f856e425-lodash lodash@
49 silly resolved [ { name: 'lodash',
49 silly resolved     version: '3.2.0',
49 silly resolved     description: 'The modern build of lodash modular utilities.',
49 silly resolved     homepage: 'https://lodash.com/',
49 silly resolved     icon: 'https://lodash.com/icon.svg',
49 silly resolved     license: 'MIT',
49 silly resolved     main: 'index.js',
49 silly resolved     keywords: [ 'modules', 'stdlib', 'util' ],
49 silly resolved     author:
49 silly resolved      { name: 'John-David Dalton',
49 silly resolved        email: 'john.david.dalton@gmail.com',
49 silly resolved        url: 'http://allyoucanleet.com/' },
49 silly resolved     contributors: [ [Object], [Object], [Object], [Object], [Object] ],
49 silly resolved     repository: { type: 'git', url: 'https://github.com/lodash/lodash' },
49 silly resolved     scripts: { test: 'echo "See https://travis-ci.org/lodash/lodash-cli for testing details."' },
49 silly resolved     bugs: { url: 'https://github.com/lodash/lodash/issues' },
49 silly resolved     _id: 'lodash@3.2.0',
49 silly resolved     _shasum: '4bf50a3243f9aeb0bac41a55d3d5990675a462fb',
49 silly resolved     _from: 'lodash@',
49 silly resolved     _npmVersion: '2.5.0',
49 silly resolved     _nodeVersion: '0.12.0',
49 silly resolved     _npmUser: { name: 'jdalton', email: 'john.david.dalton@gmail.com' },
49 silly resolved     maintainers: [ [Object], [Object], [Object], [Object], [Object] ],
49 silly resolved     dist:
49 silly resolved      { shasum: '4bf50a3243f9aeb0bac41a55d3d5990675a462fb',
49 silly resolved        tarball: 'http://registry.npmjs.org/lodash/-/lodash-3.2.0.tgz' },
49 silly resolved     directories: {},
49 silly resolved     _resolved: 'https://registry.npmjs.org/lodash/-/lodash-3.2.0.tgz' } ]
50 info install lodash@3.2.0 into E:\Workspace\theboard-client
51 info installOne lodash@3.2.0
52 verbose node_modules\lodash unbuild
53 verbose tar unpack C:\Users\Maxime\AppData\Roaming\npm-cache\lodash\3.2.0\package.tgz
54 silly lockFile 272ffd67-board-client-node-modules-lodash tar://E:\Workspace\theboard-client\node_modules\lodash
55 verbose lock tar://E:\Workspace\theboard-client\node_modules\lodash C:\Users\Maxime\AppData\Roaming\npm-cache\272ffd67-board-client-node-modules-lodash.lock
56 silly lockFile 5ca1a0c8-m-cache-lodash-3-2-0-package-tgz tar://C:\Users\Maxime\AppData\Roaming\npm-cache\lodash\3.2.0\package.tgz
57 verbose lock tar://C:\Users\Maxime\AppData\Roaming\npm-cache\lodash\3.2.0\package.tgz C:\Users\Maxime\AppData\Roaming\npm-cache\5ca1a0c8-m-cache-lodash-3-2-0-package-tgz.lock
58 silly gunzTarPerm modes [ '777', '666' ]
59 silly gunzTarPerm extractEntry package.json
60 silly gunzTarPerm modified mode [ 'package.json', 420, 438 ]
61 silly gunzTarPerm extractEntry README.md
62 silly gunzTarPerm modified mode [ 'README.md', 420, 438 ]
63 silly gunzTarPerm extractEntry collection.js
64 silly gunzTarPerm modified mode [ 'collection.js', 420, 438 ]
65 silly gunzTarPerm extractEntry date.js
66 silly gunzTarPerm modified mode [ 'date.js', 420, 438 ]
67 silly gunzTarPerm extractEntry function.js
68 silly gunzTarPerm modified mode [ 'function.js', 420, 438 ]
69 silly gunzTarPerm extractEntry index.js
70 silly gunzTarPerm modified mode [ 'index.js', 420, 438 ]
71 silly gunzTarPerm extractEntry chain.js
72 silly gunzTarPerm modified mode [ 'chain.js', 420, 438 ]
73 silly gunzTarPerm extractEntry lang.js
74 silly gunzTarPerm modified mode [ 'lang.js', 420, 438 ]
75 silly gunzTarPerm extractEntry number.js
76 silly gunzTarPerm modified mode [ 'number.js', 420, 438 ]
77 silly gunzTarPerm extractEntry object.js
78 silly gunzTarPerm modified mode [ 'object.js', 420, 438 ]
79 silly gunzTarPerm extractEntry string.js
80 silly gunzTarPerm modified mode [ 'string.js', 420, 438 ]
81 silly gunzTarPerm extractEntry array.js
82 silly gunzTarPerm modified mode [ 'array.js', 420, 438 ]
83 silly gunzTarPerm extractEntry utility.js
84 silly gunzTarPerm modified mode [ 'utility.js', 420, 438 ]
85 silly gunzTarPerm extractEntry support.js
86 silly gunzTarPerm modified mode [ 'support.js', 420, 438 ]
87 silly gunzTarPerm extractEntry lang/clone.js
88 silly gunzTarPerm modified mode [ 'lang/clone.js', 420, 438 ]
89 silly gunzTarPerm extractEntry lang/isError.js
90 silly gunzTarPerm modified mode [ 'lang/isError.js', 420, 438 ]
91 silly gunzTarPerm extractEntry lang/isFinite.js
92 silly gunzTarPerm modified mode [ 'lang/isFinite.js', 420, 438 ]
93 silly gunzTarPerm extractEntry lang/isFunction.js
94 silly gunzTarPerm modified mode [ 'lang/isFunction.js', 420, 438 ]
95 silly gunzTarPerm extractEntry lang/isEqual.js
96 silly gunzTarPerm modified mode [ 'lang/isEqual.js', 420, 438 ]
97 silly gunzTarPerm extractEntry lang/isNaN.js
98 silly gunzTarPerm modified mode [ 'lang/isNaN.js', 420, 438 ]
99 silly gunzTarPerm extractEntry lang/isNative.js
100 silly gunzTarPerm modified mode [ 'lang/isNative.js', 420, 438 ]
101 silly gunzTarPerm extractEntry lang/isNull.js
102 silly gunzTarPerm modified mode [ 'lang/isNull.js', 420, 438 ]
103 silly gunzTarPerm extractEntry lang/isNumber.js
104 silly gunzTarPerm modified mode [ 'lang/isNumber.js', 420, 438 ]
105 silly gunzTarPerm extractEntry lang/isObject.js
106 silly gunzTarPerm modified mode [ 'lang/isObject.js', 420, 438 ]
107 silly gunzTarPerm extractEntry lang/isEmpty.js
108 silly gunzTarPerm modified mode [ 'lang/isEmpty.js', 420, 438 ]
109 silly gunzTarPerm extractEntry lang/isPlainObject.js
110 silly gunzTarPerm modified mode [ 'lang/isPlainObject.js', 420, 438 ]
111 silly gunzTarPerm extractEntry lang/isElement.js
112 silly gunzTarPerm modified mode [ 'lang/isElement.js', 420, 438 ]
113 silly gunzTarPerm extractEntry lang/isRegExp.js
114 silly gunzTarPerm modified mode [ 'lang/isRegExp.js', 420, 438 ]
115 silly gunzTarPerm extractEntry lang/isDate.js
116 silly gunzTarPerm modified mode [ 'lang/isDate.js', 420, 438 ]
117 silly gunzTarPerm extractEntry lang/isString.js
118 silly gunzTarPerm modified mode [ 'lang/isString.js', 420, 438 ]
119 silly gunzTarPerm extractEntry lang/isBoolean.js
120 silly gunzTarPerm modified mode [ 'lang/isBoolean.js', 420, 438 ]
121 silly gunzTarPerm extractEntry lang/isTypedArray.js
122 silly gunzTarPerm modified mode [ 'lang/isTypedArray.js', 420, 438 ]
123 silly gunzTarPerm extractEntry lang/isArray.js
124 silly gunzTarPerm modified mode [ 'lang/isArray.js', 420, 438 ]
125 silly gunzTarPerm extractEntry lang/isUndefined.js
126 silly gunzTarPerm modified mode [ 'lang/isUndefined.js', 420, 438 ]
127 silly gunzTarPerm extractEntry lang/isArguments.js
128 silly gunzTarPerm modified mode [ 'lang/isArguments.js', 420, 438 ]
129 silly gunzTarPerm extractEntry lang/toArray.js
130 silly gunzTarPerm modified mode [ 'lang/toArray.js', 420, 438 ]
131 silly gunzTarPerm extractEntry lang/cloneDeep.js
132 silly gunzTarPerm modified mode [ 'lang/cloneDeep.js', 420, 438 ]
133 silly gunzTarPerm extractEntry lang/toPlainObject.js
134 silly gunzTarPerm modified mode [ 'lang/toPlainObject.js', 420, 438 ]
135 silly gunzTarPerm extractEntry lang/isMatch.js
136 silly gunzTarPerm modified mode [ 'lang/isMatch.js', 420, 438 ]
137 silly gunzTarPerm extractEntry date/now.js
138 silly gunzTarPerm modified mode [ 'date/now.js', 420, 438 ]
139 silly gunzTarPerm extractEntry number/random.js
140 silly gunzTarPerm modified mode [ 'number/random.js', 420, 438 ]
141 silly gunzTarPerm extractEntry chain/chain.js
142 silly gunzTarPerm modified mode [ 'chain/chain.js', 420, 438 ]
143 silly gunzTarPerm extractEntry chain/run.js
144 silly gunzTarPerm modified mode [ 'chain/run.js', 420, 438 ]
145 silly gunzTarPerm extractEntry chain/tap.js
146 silly gunzTarPerm modified mode [ 'chain/tap.js', 420, 438 ]
147 silly gunzTarPerm extractEntry chain/thru.js
148 silly gunzTarPerm modified mode [ 'chain/thru.js', 420, 438 ]
149 silly gunzTarPerm extractEntry chain/toJSON.js
150 silly gunzTarPerm modified mode [ 'chain/toJSON.js', 420, 438 ]
151 silly gunzTarPerm extractEntry chain/reverse.js
152 silly gunzTarPerm modified mode [ 'chain/reverse.js', 420, 438 ]
153 silly gunzTarPerm extractEntry chain/value.js
154 silly gunzTarPerm modified mode [ 'chain/value.js', 420, 438 ]
155 silly gunzTarPerm extractEntry chain/valueOf.js
156 silly gunzTarPerm modified mode [ 'chain/valueOf.js', 420, 438 ]
157 silly gunzTarPerm extractEntry chain/wrapperChain.js
158 silly gunzTarPerm modified mode [ 'chain/wrapperChain.js', 420, 438 ]
159 silly gunzTarPerm extractEntry chain/wrapperCommit.js
160 silly gunzTarPerm modified mode [ 'chain/wrapperCommit.js', 420, 438 ]
161 silly gunzTarPerm extractEntry chain/wrapperPlant.js
162 silly gunzTarPerm modified mode [ 'chain/wrapperPlant.js', 420, 438 ]
163 silly gunzTarPerm extractEntry chain/plant.js
164 silly gunzTarPerm modified mode [ 'chain/plant.js', 420, 438 ]
165 silly gunzTarPerm extractEntry chain/wrapperReverse.js
166 silly gunzTarPerm modified mode [ 'chain/wrapperReverse.js', 420, 438 ]
167 silly gunzTarPerm extractEntry chain/lodash.js
168 silly gunzTarPerm modified mode [ 'chain/lodash.js', 420, 438 ]
169 silly gunzTarPerm extractEntry chain/wrapperToString.js
170 silly gunzTarPerm modified mode [ 'chain/wrapperToString.js', 420, 438 ]
171 silly gunzTarPerm extractEntry chain/commit.js
172 silly gunzTarPerm modified mode [ 'chain/commit.js', 420, 438 ]
173 silly gunzTarPerm extractEntry chain/wrapperValue.js
174 silly gunzTarPerm modified mode [ 'chain/wrapperValue.js', 420, 438 ]
175 silly gunzTarPerm extractEntry chain/toString.js
176 silly gunzTarPerm modified mode [ 'chain/toString.js', 420, 438 ]
177 silly gunzTarPerm extractEntry object/assign.js
178 silly gunzTarPerm modified mode [ 'object/assign.js', 420, 438 ]
179 silly gunzTarPerm extractEntry object/forOwnRight.js
180 silly gunzTarPerm modified mode [ 'object/forOwnRight.js', 420, 438 ]
181 silly gunzTarPerm extractEntry object/functions.js
182 silly gunzTarPerm modified mode [ 'object/functions.js', 420, 438 ]
183 silly gunzTarPerm extractEntry object/has.js
184 silly gunzTarPerm modified mode [ 'object/has.js', 420, 438 ]
185 silly gunzTarPerm extractEntry object/forOwn.js
186 silly gunzTarPerm modified mode [ 'object/forOwn.js', 420, 438 ]
187 silly gunzTarPerm extractEntry object/keys.js
188 silly gunzTarPerm modified mode [ 'object/keys.js', 420, 438 ]
189 silly gunzTarPerm extractEntry object/keysIn.js
190 silly gunzTarPerm modified mode [ 'object/keysIn.js', 420, 438 ]
191 silly gunzTarPerm extractEntry object/mapValues.js
192 silly gunzTarPerm modified mode [ 'object/mapValues.js', 420, 438 ]
193 silly gunzTarPerm extractEntry object/merge.js
194 silly gunzTarPerm modified mode [ 'object/merge.js', 420, 438 ]
195 silly gunzTarPerm extractEntry object/methods.js
196 silly gunzTarPerm modified mode [ 'object/methods.js', 420, 438 ]
197 silly gunzTarPerm extractEntry object/forInRight.js
198 silly gunzTarPerm modified mode [ 'object/forInRight.js', 420, 438 ]
199 silly gunzTarPerm extractEntry object/omit.js
200 silly gunzTarPerm modified mode [ 'object/omit.js', 420, 438 ]
201 silly gunzTarPerm extractEntry object/forIn.js
202 silly gunzTarPerm modified mode [ 'object/forIn.js', 420, 438 ]
203 silly gunzTarPerm extractEntry object/pairs.js
204 silly gunzTarPerm modified mode [ 'object/pairs.js', 420, 438 ]
205 silly gunzTarPerm extractEntry object/findLastKey.js
206 silly gunzTarPerm modified mode [ 'object/findLastKey.js', 420, 438 ]
207 silly gunzTarPerm extractEntry object/pick.js
208 silly gunzTarPerm modified mode [ 'object/pick.js', 420, 438 ]
209 silly gunzTarPerm extractEntry object/findKey.js
210 silly gunzTarPerm modified mode [ 'object/findKey.js', 420, 438 ]
211 silly gunzTarPerm extractEntry object/result.js
212 silly gunzTarPerm modified mode [ 'object/result.js', 420, 438 ]
213 silly gunzTarPerm extractEntry object/extend.js
214 silly gunzTarPerm modified mode [ 'object/extend.js', 420, 438 ]
215 silly gunzTarPerm extractEntry object/transform.js
216 silly gunzTarPerm modified mode [ 'object/transform.js', 420, 438 ]
217 silly gunzTarPerm extractEntry object/defaults.js
218 silly gunzTarPerm modified mode [ 'object/defaults.js', 420, 438 ]
219 silly gunzTarPerm extractEntry object/values.js
220 silly gunzTarPerm modified mode [ 'object/values.js', 420, 438 ]
221 silly gunzTarPerm extractEntry object/create.js
222 silly gunzTarPerm modified mode [ 'object/create.js', 420, 438 ]
223 silly gunzTarPerm extractEntry object/valuesIn.js
224 silly gunzTarPerm modified mode [ 'object/valuesIn.js', 420, 438 ]
225 silly gunzTarPerm extractEntry object/invert.js
226 silly gunzTarPerm modified mode [ 'object/invert.js', 420, 438 ]
227 silly gunzTarPerm extractEntry function/after.js
228 silly gunzTarPerm modified mode [ 'function/after.js', 420, 438 ]
229 silly gunzTarPerm extractEntry function/curry.js
230 silly gunzTarPerm modified mode [ 'function/curry.js', 420, 438 ]
231 silly gunzTarPerm extractEntry function/curryRight.js
232 silly gunzTarPerm modified mode [ 'function/curryRight.js', 420, 438 ]
233 silly gunzTarPerm extractEntry function/debounce.js
234 silly gunzTarPerm modified mode [ 'function/debounce.js', 420, 438 ]
235 silly gunzTarPerm extractEntry function/defer.js
236 silly gunzTarPerm modified mode [ 'function/defer.js', 420, 438 ]
237 silly gunzTarPerm extractEntry function/compose.js
238 silly gunzTarPerm modified mode [ 'function/compose.js', 420, 438 ]
239 silly gunzTarPerm extractEntry function/flow.js
240 silly gunzTarPerm modified mode [ 'function/flow.js', 420, 438 ]
241 silly gunzTarPerm extractEntry function/flowRight.js
242 silly gunzTarPerm modified mode [ 'function/flowRight.js', 420, 438 ]
243 silly gunzTarPerm extractEntry function/memoize.js
244 silly gunzTarPerm modified mode [ 'function/memoize.js', 420, 438 ]
245 silly gunzTarPerm extractEntry function/negate.js
246 silly gunzTarPerm modified mode [ 'function/negate.js', 420, 438 ]
247 silly gunzTarPerm extractEntry function/once.js
248 silly gunzTarPerm modified mode [ 'function/once.js', 420, 438 ]
249 silly gunzTarPerm extractEntry function/bindKey.js
250 silly gunzTarPerm modified mode [ 'function/bindKey.js', 420, 438 ]
251 silly gunzTarPerm extractEntry function/partial.js
252 silly gunzTarPerm modified mode [ 'function/partial.js', 420, 438 ]
253 silly gunzTarPerm extractEntry function/bindAll.js
254 silly gunzTarPerm modified mode [ 'function/bindAll.js', 420, 438 ]
255 silly gunzTarPerm extractEntry function/partialRight.js
256 silly gunzTarPerm modified mode [ 'function/partialRight.js', 420, 438 ]
257 silly gunzTarPerm extractEntry function/bind.js
258 silly gunzTarPerm modified mode [ 'function/bind.js', 420, 438 ]
259 silly gunzTarPerm extractEntry function/rearg.js
260 silly gunzTarPerm modified mode [ 'function/rearg.js', 420, 438 ]
261 silly gunzTarPerm extractEntry function/before.js
262 silly gunzTarPerm modified mode [ 'function/before.js', 420, 438 ]
263 silly gunzTarPerm extractEntry function/spread.js
264 silly gunzTarPerm modified mode [ 'function/spread.js', 420, 438 ]
265 silly gunzTarPerm extractEntry function/backflow.js
266 silly gunzTarPerm modified mode [ 'function/backflow.js', 420, 438 ]
267 silly gunzTarPerm extractEntry function/throttle.js
268 silly gunzTarPerm modified mode [ 'function/throttle.js', 420, 438 ]
269 silly gunzTarPerm extractEntry function/ary.js
270 silly gunzTarPerm modified mode [ 'function/ary.js', 420, 438 ]
271 silly gunzTarPerm extractEntry function/wrap.js
272 silly gunzTarPerm modified mode [ 'function/wrap.js', 420, 438 ]
273 silly gunzTarPerm extractEntry function/delay.js
274 silly gunzTarPerm modified mode [ 'function/delay.js', 420, 438 ]
275 silly gunzTarPerm extractEntry array/chunk.js
276 silly gunzTarPerm modified mode [ 'array/chunk.js', 420, 438 ]
277 silly gunzTarPerm extractEntry array/intersection.js
278 silly gunzTarPerm modified mode [ 'array/intersection.js', 420, 438 ]
279 silly gunzTarPerm extractEntry array/last.js
280 silly gunzTarPerm modified mode [ 'array/last.js', 420, 438 ]
281 silly gunzTarPerm extractEntry array/lastIndexOf.js
282 silly gunzTarPerm modified mode [ 'array/lastIndexOf.js', 420, 438 ]
283 silly gunzTarPerm extractEntry array/object.js
284 silly gunzTarPerm modified mode [ 'array/object.js', 420, 438 ]
285 silly gunzTarPerm extractEntry array/initial.js
286 silly gunzTarPerm modified mode [ 'array/initial.js', 420, 438 ]
287 silly gunzTarPerm extractEntry array/pullAt.js
288 silly gunzTarPerm modified mode [ 'array/pullAt.js', 420, 438 ]
289 silly gunzTarPerm extractEntry array/remove.js
290 silly gunzTarPerm modified mode [ 'array/remove.js', 420, 438 ]
291 silly gunzTarPerm extractEntry array/rest.js
292 silly gunzTarPerm modified mode [ 'array/rest.js', 420, 438 ]
293 silly gunzTarPerm extractEntry array/slice.js
294 silly gunzTarPerm modified mode [ 'array/slice.js', 420, 438 ]
295 silly gunzTarPerm extractEntry array/sortedIndex.js
296 silly gunzTarPerm modified mode [ 'array/sortedIndex.js', 420, 438 ]
297 silly gunzTarPerm extractEntry array/indexOf.js
298 silly gunzTarPerm modified mode [ 'array/indexOf.js', 420, 438 ]
299 silly gunzTarPerm extractEntry array/sortedLastIndex.js
300 silly gunzTarPerm modified mode [ 'array/sortedLastIndex.js', 420, 438 ]
301 silly gunzTarPerm extractEntry array/head.js
302 silly gunzTarPerm modified mode [ 'array/head.js', 420, 438 ]
303 silly gunzTarPerm extractEntry array/tail.js
304 silly gunzTarPerm modified mode [ 'array/tail.js', 420, 438 ]
305 silly gunzTarPerm extractEntry array/flattenDeep.js
306 silly gunzTarPerm modified mode [ 'array/flattenDeep.js', 420, 438 ]
307 silly gunzTarPerm extractEntry array/take.js
308 silly gunzTarPerm modified mode [ 'array/take.js', 420, 438 ]
309 silly gunzTarPerm extractEntry array/flatten.js
310 silly gunzTarPerm modified mode [ 'array/flatten.js', 420, 438 ]
311 silly gunzTarPerm extractEntry array/takeRight.js
312 silly gunzTarPerm modified mode [ 'array/takeRight.js', 420, 438 ]
313 silly gunzTarPerm extractEntry array/first.js
314 silly gunzTarPerm modified mode [ 'array/first.js', 420, 438 ]
315 silly gunzTarPerm extractEntry array/takeRightWhile.js
316 silly gunzTarPerm modified mode [ 'array/takeRightWhile.js', 420, 438 ]
317 silly gunzTarPerm extractEntry array/findLastIndex.js
318 silly gunzTarPerm modified mode [ 'array/findLastIndex.js', 420, 438 ]
319 silly gunzTarPerm extractEntry array/takeWhile.js
320 silly gunzTarPerm modified mode [ 'array/takeWhile.js', 420, 438 ]
321 silly gunzTarPerm extractEntry array/findIndex.js
322 silly gunzTarPerm modified mode [ 'array/findIndex.js', 420, 438 ]
323 silly gunzTarPerm extractEntry array/union.js
324 silly gunzTarPerm modified mode [ 'array/union.js', 420, 438 ]
325 silly gunzTarPerm extractEntry array/fill.js
326 silly gunzTarPerm modified mode [ 'array/fill.js', 420, 438 ]
327 silly gunzTarPerm extractEntry array/uniq.js
328 silly gunzTarPerm modified mode [ 'array/uniq.js', 420, 438 ]
329 silly gunzTarPerm extractEntry array/dropWhile.js
330 silly gunzTarPerm modified mode [ 'array/dropWhile.js', 420, 438 ]
331 silly gunzTarPerm extractEntry array/unique.js
332 silly gunzTarPerm modified mode [ 'array/unique.js', 420, 438 ]
333 silly gunzTarPerm extractEntry array/dropRightWhile.js
334 silly gunzTarPerm modified mode [ 'array/dropRightWhile.js', 420, 438 ]
335 silly gunzTarPerm extractEntry array/unzip.js
336 silly gunzTarPerm modified mode [ 'array/unzip.js', 420, 438 ]
337 silly gunzTarPerm extractEntry array/dropRight.js
338 silly gunzTarPerm modified mode [ 'array/dropRight.js', 420, 438 ]
339 silly gunzTarPerm extractEntry array/without.js
340 silly gunzTarPerm modified mode [ 'array/without.js', 420, 438 ]
341 silly gunzTarPerm extractEntry array/drop.js
342 silly gunzTarPerm modified mode [ 'array/drop.js', 420, 438 ]
343 silly gunzTarPerm extractEntry array/xor.js
344 silly gunzTarPerm modified mode [ 'array/xor.js', 420, 438 ]
345 silly gunzTarPerm extractEntry array/difference.js
346 silly gunzTarPerm modified mode [ 'array/difference.js', 420, 438 ]
347 silly gunzTarPerm extractEntry array/zip.js
348 silly gunzTarPerm modified mode [ 'array/zip.js', 420, 438 ]
349 silly gunzTarPerm extractEntry array/compact.js
350 silly gunzTarPerm modified mode [ 'array/compact.js', 420, 438 ]
351 silly gunzTarPerm extractEntry array/zipObject.js
352 silly gunzTarPerm modified mode [ 'array/zipObject.js', 420, 438 ]
353 silly gunzTarPerm extractEntry array/pull.js
354 silly gunzTarPerm modified mode [ 'array/pull.js', 420, 438 ]
355 silly gunzTarPerm extractEntry string/camelCase.js
356 silly gunzTarPerm modified mode [ 'string/camelCase.js', 420, 438 ]
357 silly gunzTarPerm extractEntry string/padLeft.js
358 silly gunzTarPerm modified mode [ 'string/padLeft.js', 420, 438 ]
359 silly gunzTarPerm extractEntry string/padRight.js
360 silly gunzTarPerm modified mode [ 'string/padRight.js', 420, 438 ]
361 silly gunzTarPerm extractEntry string/parseInt.js
362 silly gunzTarPerm modified mode [ 'string/parseInt.js', 420, 438 ]
363 silly gunzTarPerm extractEntry string/pad.js
364 silly gunzTarPerm modified mode [ 'string/pad.js', 420, 438 ]
365 silly gunzTarPerm extractEntry string/snakeCase.js
366 silly gunzTarPerm modified mode [ 'string/snakeCase.js', 420, 438 ]
367 silly gunzTarPerm extractEntry string/startCase.js
368 silly gunzTarPerm modified mode [ 'string/startCase.js', 420, 438 ]
369 silly gunzTarPerm extractEntry string/startsWith.js
370 silly gunzTarPerm modified mode [ 'string/startsWith.js', 420, 438 ]
371 silly gunzTarPerm extractEntry string/template.js
372 silly gunzTarPerm modified mode [ 'string/template.js', 420, 438 ]
373 silly gunzTarPerm extractEntry string/templateSettings.js
374 silly gunzTarPerm modified mode [ 'string/templateSettings.js', 420, 438 ]
375 silly gunzTarPerm extractEntry string/kebabCase.js
376 silly gunzTarPerm modified mode [ 'string/kebabCase.js', 420, 438 ]
377 silly gunzTarPerm extractEntry string/trim.js
378 silly gunzTarPerm modified mode [ 'string/trim.js', 420, 438 ]
379 silly gunzTarPerm extractEntry string/escapeRegExp.js
380 silly gunzTarPerm modified mode [ 'string/escapeRegExp.js', 420, 438 ]
381 silly gunzTarPerm extractEntry string/trimLeft.js
382 silly gunzTarPerm modified mode [ 'string/trimLeft.js', 420, 438 ]
383 silly gunzTarPerm extractEntry string/escape.js
384 silly gunzTarPerm modified mode [ 'string/escape.js', 420, 438 ]
385 silly gunzTarPerm extractEntry string/trimRight.js
386 silly gunzTarPerm modified mode [ 'string/trimRight.js', 420, 438 ]
387 silly gunzTarPerm extractEntry string/endsWith.js
388 silly gunzTarPerm modified mode [ 'string/endsWith.js', 420, 438 ]
389 silly gunzTarPerm extractEntry string/trunc.js
390 silly gunzTarPerm modified mode [ 'string/trunc.js', 420, 438 ]
391 silly gunzTarPerm extractEntry string/deburr.js
392 silly gunzTarPerm modified mode [ 'string/deburr.js', 420, 438 ]
393 silly gunzTarPerm extractEntry string/unescape.js
394 silly gunzTarPerm modified mode [ 'string/unescape.js', 420, 438 ]
395 silly gunzTarPerm extractEntry string/capitalize.js
396 silly gunzTarPerm modified mode [ 'string/capitalize.js', 420, 438 ]
397 silly gunzTarPerm extractEntry string/words.js
398 silly gunzTarPerm modified mode [ 'string/words.js', 420, 438 ]
399 silly gunzTarPerm extractEntry string/repeat.js
400 silly gunzTarPerm modified mode [ 'string/repeat.js', 420, 438 ]
401 silly gunzTarPerm extractEntry collection/all.js
402 silly gunzTarPerm modified mode [ 'collection/all.js', 420, 438 ]
403 silly gunzTarPerm extractEntry collection/forEach.js
404 silly gunzTarPerm modified mode [ 'collection/forEach.js', 420, 438 ]
405 silly gunzTarPerm extractEntry collection/forEachRight.js
406 silly gunzTarPerm modified mode [ 'collection/forEachRight.js', 420, 438 ]
407 silly gunzTarPerm extractEntry collection/groupBy.js
408 silly gunzTarPerm modified mode [ 'collection/groupBy.js', 420, 438 ]
409 silly gunzTarPerm extractEntry collection/include.js
410 silly gunzTarPerm modified mode [ 'collection/include.js', 420, 438 ]
411 silly gunzTarPerm extractEntry collection/foldr.js
412 silly gunzTarPerm modified mode [ 'collection/foldr.js', 420, 438 ]
413 silly gunzTarPerm extractEntry collection/indexBy.js
414 silly gunzTarPerm modified mode [ 'collection/indexBy.js', 420, 438 ]
415 silly gunzTarPerm extractEntry collection/inject.js
416 silly gunzTarPerm modified mode [ 'collection/inject.js', 420, 438 ]
417 silly gunzTarPerm extractEntry collection/invoke.js
418 silly gunzTarPerm modified mode [ 'collection/invoke.js', 420, 438 ]
419 silly gunzTarPerm extractEntry collection/map.js
420 silly gunzTarPerm modified mode [ 'collection/map.js', 420, 438 ]
421 silly gunzTarPerm extractEntry collection/max.js
422 silly gunzTarPerm modified mode [ 'collection/max.js', 420, 438 ]
423 silly gunzTarPerm extractEntry collection/foldl.js
424 silly gunzTarPerm modified mode [ 'collection/foldl.js', 420, 438 ]
425 silly gunzTarPerm extractEntry collection/min.js
426 silly gunzTarPerm modified mode [ 'collection/min.js', 420, 438 ]
427 silly gunzTarPerm extractEntry collection/findWhere.js
428 silly gunzTarPerm modified mode [ 'collection/findWhere.js', 420, 438 ]
429 silly gunzTarPerm extractEntry collection/partition.js
430 silly gunzTarPerm modified mode [ 'collection/partition.js', 420, 438 ]
431 silly gunzTarPerm extractEntry collection/findLast.js
432 silly gunzTarPerm modified mode [ 'collection/findLast.js', 420, 438 ]
433 silly gunzTarPerm extractEntry collection/pluck.js
434 silly gunzTarPerm modified mode [ 'collection/pluck.js', 420, 438 ]
435 silly gunzTarPerm extractEntry collection/find.js
436 silly gunzTarPerm modified mode [ 'collection/find.js', 420, 438 ]
437 silly gunzTarPerm extractEntry collection/reduce.js
438 silly gunzTarPerm modified mode [ 'collection/reduce.js', 420, 438 ]
439 silly gunzTarPerm extractEntry collection/filter.js
440 silly gunzTarPerm modified mode [ 'collection/filter.js', 420, 438 ]
441 silly gunzTarPerm extractEntry collection/reduceRight.js
442 silly gunzTarPerm modified mode [ 'collection/reduceRight.js', 420, 438 ]
443 silly gunzTarPerm extractEntry collection/every.js
444 silly gunzTarPerm modified mode [ 'collection/every.js', 420, 438 ]
445 silly gunzTarPerm extractEntry collection/reject.js
446 silly gunzTarPerm modified mode [ 'collection/reject.js', 420, 438 ]
447 silly gunzTarPerm extractEntry collection/eachRight.js
448 silly gunzTarPerm modified mode [ 'collection/eachRight.js', 420, 438 ]
449 silly gunzTarPerm extractEntry collection/sample.js
450 silly gunzTarPerm modified mode [ 'collection/sample.js', 420, 438 ]
451 silly gunzTarPerm extractEntry collection/each.js
452 silly gunzTarPerm modified mode [ 'collection/each.js', 420, 438 ]
453 silly gunzTarPerm extractEntry collection/select.js
454 silly gunzTarPerm modified mode [ 'collection/select.js', 420, 438 ]
455 silly gunzTarPerm extractEntry collection/detect.js
456 silly gunzTarPerm modified mode [ 'collection/detect.js', 420, 438 ]
457 silly gunzTarPerm extractEntry collection/shuffle.js
458 silly gunzTarPerm modified mode [ 'collection/shuffle.js', 420, 438 ]
459 silly gunzTarPerm extractEntry collection/countBy.js
460 silly gunzTarPerm modified mode [ 'collection/countBy.js', 420, 438 ]
461 silly gunzTarPerm extractEntry collection/size.js
462 silly gunzTarPerm modified mode [ 'collection/size.js', 420, 438 ]
463 silly gunzTarPerm extractEntry collection/contains.js
464 silly gunzTarPerm modified mode [ 'collection/contains.js', 420, 438 ]
465 silly gunzTarPerm extractEntry collection/some.js
466 silly gunzTarPerm modified mode [ 'collection/some.js', 420, 438 ]
467 silly gunzTarPerm extractEntry collection/collect.js
468 silly gunzTarPerm modified mode [ 'collection/collect.js', 420, 438 ]
469 silly gunzTarPerm extractEntry collection/sortBy.js
470 silly gunzTarPerm modified mode [ 'collection/sortBy.js', 420, 438 ]
471 silly gunzTarPerm extractEntry collection/at.js
472 silly gunzTarPerm modified mode [ 'collection/at.js', 420, 438 ]
473 silly gunzTarPerm extractEntry collection/sortByAll.js
474 silly gunzTarPerm modified mode [ 'collection/sortByAll.js', 420, 438 ]
475 silly gunzTarPerm extractEntry collection/any.js
476 silly gunzTarPerm modified mode [ 'collection/any.js', 420, 438 ]
477 silly gunzTarPerm extractEntry collection/where.js
478 silly gunzTarPerm modified mode [ 'collection/where.js', 420, 438 ]
479 silly gunzTarPerm extractEntry collection/includes.js
480 silly gunzTarPerm modified mode [ 'collection/includes.js', 420, 438 ]
481 silly gunzTarPerm extractEntry LICENSE.txt
482 silly gunzTarPerm modified mode [ 'LICENSE.txt', 420, 438 ]
483 silly gunzTarPerm extractEntry utility/attempt.js
484 silly gunzTarPerm modified mode [ 'utility/attempt.js', 420, 438 ]
485 silly gunzTarPerm extractEntry utility/identity.js
486 silly gunzTarPerm modified mode [ 'utility/identity.js', 420, 438 ]
487 silly gunzTarPerm extractEntry utility/iteratee.js
488 silly gunzTarPerm modified mode [ 'utility/iteratee.js', 420, 438 ]
489 silly gunzTarPerm extractEntry utility/matches.js
490 silly gunzTarPerm modified mode [ 'utility/matches.js', 420, 438 ]
491 silly gunzTarPerm extractEntry utility/matchesProperty.js
492 silly gunzTarPerm modified mode [ 'utility/matchesProperty.js', 420, 438 ]
493 silly gunzTarPerm extractEntry utility/constant.js
494 silly gunzTarPerm modified mode [ 'utility/constant.js', 420, 438 ]
495 silly gunzTarPerm extractEntry utility/noop.js
496 silly gunzTarPerm modified mode [ 'utility/noop.js', 420, 438 ]
497 silly gunzTarPerm extractEntry utility/property.js
498 silly gunzTarPerm modified mode [ 'utility/property.js', 420, 438 ]
499 silly gunzTarPerm extractEntry utility/propertyOf.js
500 silly gunzTarPerm modified mode [ 'utility/propertyOf.js', 420, 438 ]
501 silly gunzTarPerm extractEntry utility/range.js
502 silly gunzTarPerm modified mode [ 'utility/range.js', 420, 438 ]
503 silly gunzTarPerm extractEntry utility/times.js
504 silly gunzTarPerm modified mode [ 'utility/times.js', 420, 438 ]
505 silly gunzTarPerm extractEntry utility/callback.js
506 silly gunzTarPerm modified mode [ 'utility/callback.js', 420, 438 ]
507 silly gunzTarPerm extractEntry utility/uniqueId.js
508 silly gunzTarPerm modified mode [ 'utility/uniqueId.js', 420, 438 ]
509 silly gunzTarPerm extractEntry utility/mixin.js
510 silly gunzTarPerm modified mode [ 'utility/mixin.js', 420, 438 ]
511 silly gunzTarPerm extractEntry internal/LazyWrapper.js
512 silly gunzTarPerm modified mode [ 'internal/LazyWrapper.js', 420, 438 ]
513 silly gunzTarPerm extractEntry internal/binaryIndex.js
514 silly gunzTarPerm modified mode [ 'internal/binaryIndex.js', 420, 438 ]
515 silly gunzTarPerm extractEntry internal/binaryIndexBy.js
516 silly gunzTarPerm modified mode [ 'internal/binaryIndexBy.js', 420, 438 ]
517 silly gunzTarPerm extractEntry internal/bindCallback.js
518 silly gunzTarPerm modified mode [ 'internal/bindCallback.js', 420, 438 ]
519 silly gunzTarPerm extractEntry internal/bufferClone.js
520 silly gunzTarPerm modified mode [ 'internal/bufferClone.js', 420, 438 ]
521 silly gunzTarPerm extractEntry internal/baseWrapperValue.js
522 silly gunzTarPerm modified mode [ 'internal/baseWrapperValue.js', 420, 438 ]
523 silly gunzTarPerm extractEntry internal/cachePush.js
524 silly gunzTarPerm modified mode [ 'internal/cachePush.js', 420, 438 ]
525 silly gunzTarPerm extractEntry internal/charAtCallback.js
526 silly gunzTarPerm modified mode [ 'internal/charAtCallback.js', 420, 438 ]
527 silly gunzTarPerm extractEntry internal/charsLeftIndex.js
528 silly gunzTarPerm modified mode [ 'internal/charsLeftIndex.js', 420, 438 ]
529 silly gunzTarPerm extractEntry internal/charsRightIndex.js
530 silly gunzTarPerm modified mode [ 'internal/charsRightIndex.js', 420, 438 ]
531 silly gunzTarPerm extractEntry internal/compareAscending.js
532 silly gunzTarPerm modified mode [ 'internal/compareAscending.js', 420, 438 ]
533 silly gunzTarPerm extractEntry internal/baseValues.js
534 silly gunzTarPerm modified mode [ 'internal/baseValues.js', 420, 438 ]
535 silly gunzTarPerm extractEntry internal/compareMultipleAscending.js
536 silly gunzTarPerm modified mode [ 'internal/compareMultipleAscending.js', 420, 438 ]
537 silly gunzTarPerm extractEntry internal/baseUniq.js
538 silly gunzTarPerm modified mode [ 'internal/baseUniq.js', 420, 438 ]
539 silly gunzTarPerm extractEntry internal/composeArgs.js
540 silly gunzTarPerm modified mode [ 'internal/composeArgs.js', 420, 438 ]
541 silly gunzTarPerm extractEntry internal/baseToString.js
542 silly gunzTarPerm modified mode [ 'internal/baseToString.js', 420, 438 ]
543 silly gunzTarPerm extractEntry internal/composeArgsRight.js
544 silly gunzTarPerm modified mode [ 'internal/composeArgsRight.js', 420, 438 ]
545 silly gunzTarPerm extractEntry internal/baseSortBy.js
546 silly gunzTarPerm modified mode [ 'internal/baseSortBy.js', 420, 438 ]
547 silly gunzTarPerm extractEntry internal/createAggregator.js
548 silly gunzTarPerm modified mode [ 'internal/createAggregator.js', 420, 438 ]
549 silly gunzTarPerm extractEntry internal/baseSome.js
550 silly gunzTarPerm modified mode [ 'internal/baseSome.js', 420, 438 ]
551 silly gunzTarPerm extractEntry internal/createAssigner.js
552 silly gunzTarPerm modified mode [ 'internal/createAssigner.js', 420, 438 ]
553 silly gunzTarPerm extractEntry internal/baseSlice.js
554 silly gunzTarPerm modified mode [ 'internal/baseSlice.js', 420, 438 ]
555 silly gunzTarPerm extractEntry internal/createBindWrapper.js
556 silly gunzTarPerm modified mode [ 'internal/createBindWrapper.js', 420, 438 ]
557 silly gunzTarPerm extractEntry internal/baseSetData.js
558 silly gunzTarPerm modified mode [ 'internal/baseSetData.js', 420, 438 ]
559 silly gunzTarPerm extractEntry internal/createCache.js
560 silly gunzTarPerm modified mode [ 'internal/createCache.js', 420, 438 ]
561 silly gunzTarPerm extractEntry internal/baseReduce.js
562 silly gunzTarPerm modified mode [ 'internal/baseReduce.js', 420, 438 ]
563 silly gunzTarPerm extractEntry internal/createCompounder.js
564 silly gunzTarPerm modified mode [ 'internal/createCompounder.js', 420, 438 ]
565 silly gunzTarPerm extractEntry internal/baseRandom.js
566 silly gunzTarPerm modified mode [ 'internal/baseRandom.js', 420, 438 ]
567 silly gunzTarPerm extractEntry internal/createCtorWrapper.js
568 silly gunzTarPerm modified mode [ 'internal/createCtorWrapper.js', 420, 438 ]
569 silly gunzTarPerm extractEntry internal/basePullAt.js
570 silly gunzTarPerm modified mode [ 'internal/basePullAt.js', 420, 438 ]
571 silly gunzTarPerm extractEntry internal/createExtremum.js
572 silly gunzTarPerm modified mode [ 'internal/createExtremum.js', 420, 438 ]
573 silly gunzTarPerm extractEntry internal/baseProperty.js
574 silly gunzTarPerm modified mode [ 'internal/baseProperty.js', 420, 438 ]
575 silly gunzTarPerm extractEntry internal/createHybridWrapper.js
576 silly gunzTarPerm modified mode [ 'internal/createHybridWrapper.js', 420, 438 ]
577 silly gunzTarPerm extractEntry internal/baseMergeDeep.js
578 silly gunzTarPerm modified mode [ 'internal/baseMergeDeep.js', 420, 438 ]
579 silly gunzTarPerm extractEntry internal/createPad.js
580 silly gunzTarPerm modified mode [ 'internal/createPad.js', 420, 438 ]
581 silly gunzTarPerm extractEntry internal/baseMerge.js
582 silly gunzTarPerm modified mode [ 'internal/baseMerge.js', 420, 438 ]
583 silly gunzTarPerm extractEntry internal/createPartialWrapper.js
584 silly gunzTarPerm modified mode [ 'internal/createPartialWrapper.js', 420, 438 ]
585 silly gunzTarPerm extractEntry internal/baseMatchesProperty.js
586 silly gunzTarPerm modified mode [ 'internal/baseMatchesProperty.js', 420, 438 ]
587 silly gunzTarPerm extractEntry internal/createWrapper.js
588 silly gunzTarPerm modified mode [ 'internal/createWrapper.js', 420, 438 ]
589 silly gunzTarPerm extractEntry internal/baseMatches.js
590 silly gunzTarPerm modified mode [ 'internal/baseMatches.js', 420, 438 ]
591 silly gunzTarPerm extractEntry internal/deburrLetter.js
592 silly gunzTarPerm modified mode [ 'internal/deburrLetter.js', 420, 438 ]
593 silly gunzTarPerm extractEntry internal/baseMap.js
594 silly gunzTarPerm modified mode [ 'internal/baseMap.js', 420, 438 ]
595 silly gunzTarPerm extractEntry internal/equalArrays.js
596 silly gunzTarPerm modified mode [ 'internal/equalArrays.js', 420, 438 ]
597 silly gunzTarPerm extractEntry internal/baseIsMatch.js
598 silly gunzTarPerm modified mode [ 'internal/baseIsMatch.js', 420, 438 ]
599 silly gunzTarPerm extractEntry internal/equalByTag.js
600 silly gunzTarPerm modified mode [ 'internal/equalByTag.js', 420, 438 ]
601 silly gunzTarPerm extractEntry internal/baseIsEqualDeep.js
602 silly gunzTarPerm modified mode [ 'internal/baseIsEqualDeep.js', 420, 438 ]
603 silly gunzTarPerm extractEntry internal/equalObjects.js
604 silly gunzTarPerm modified mode [ 'internal/equalObjects.js', 420, 438 ]
605 silly gunzTarPerm extractEntry internal/baseIsEqual.js
606 silly gunzTarPerm modified mode [ 'internal/baseIsEqual.js', 420, 438 ]
607 silly gunzTarPerm extractEntry internal/escapeHtmlChar.js
608 silly gunzTarPerm modified mode [ 'internal/escapeHtmlChar.js', 420, 438 ]
609 silly gunzTarPerm extractEntry internal/baseInvoke.js
610 silly gunzTarPerm modified mode [ 'internal/baseInvoke.js', 420, 438 ]
611 silly gunzTarPerm extractEntry internal/escapeStringChar.js
612 silly gunzTarPerm modified mode [ 'internal/escapeStringChar.js', 420, 438 ]
613 silly gunzTarPerm extractEntry internal/baseIndexOf.js
614 silly gunzTarPerm modified mode [ 'internal/baseIndexOf.js', 420, 438 ]
615 silly gunzTarPerm extractEntry internal/extremumBy.js
616 silly gunzTarPerm modified mode [ 'internal/extremumBy.js', 420, 438 ]
617 silly gunzTarPerm extractEntry internal/baseFunctions.js
618 silly gunzTarPerm modified mode [ 'internal/baseFunctions.js', 420, 438 ]
619 silly gunzTarPerm extractEntry internal/getData.js
620 silly gunzTarPerm modified mode [ 'internal/getData.js', 420, 438 ]
621 silly gunzTarPerm extractEntry internal/baseForRight.js
622 silly gunzTarPerm modified mode [ 'internal/baseForRight.js', 420, 438 ]
623 silly gunzTarPerm extractEntry internal/getView.js
624 silly gunzTarPerm modified mode [ 'internal/getView.js', 420, 438 ]
625 silly gunzTarPerm extractEntry internal/baseForOwnRight.js
626 silly gunzTarPerm modified mode [ 'internal/baseForOwnRight.js', 420, 438 ]
627 silly gunzTarPerm extractEntry internal/indexOfNaN.js
628 silly gunzTarPerm modified mode [ 'internal/indexOfNaN.js', 420, 438 ]
629 silly gunzTarPerm extractEntry internal/baseForOwn.js
630 silly gunzTarPerm modified mode [ 'internal/baseForOwn.js', 420, 438 ]
631 silly gunzTarPerm extractEntry internal/initCloneArray.js
632 silly gunzTarPerm modified mode [ 'internal/initCloneArray.js', 420, 438 ]
633 silly gunzTarPerm extractEntry internal/baseForIn.js
634 silly gunzTarPerm modified mode [ 'internal/baseForIn.js', 420, 438 ]
635 silly gunzTarPerm extractEntry internal/initCloneByTag.js
636 silly gunzTarPerm modified mode [ 'internal/initCloneByTag.js', 420, 438 ]
637 silly gunzTarPerm extractEntry internal/baseFor.js
638 silly gunzTarPerm modified mode [ 'internal/baseFor.js', 420, 438 ]
639 silly gunzTarPerm extractEntry internal/initCloneObject.js
640 silly gunzTarPerm modified mode [ 'internal/initCloneObject.js', 420, 438 ]
641 silly gunzTarPerm extractEntry internal/baseFlatten.js
642 silly gunzTarPerm modified mode [ 'internal/baseFlatten.js', 420, 438 ]
643 silly gunzTarPerm extractEntry internal/isBindable.js
644 silly gunzTarPerm modified mode [ 'internal/isBindable.js', 420, 438 ]
645 silly gunzTarPerm extractEntry internal/baseFind.js
646 silly gunzTarPerm modified mode [ 'internal/baseFind.js', 420, 438 ]
647 silly gunzTarPerm extractEntry internal/isIndex.js
648 silly gunzTarPerm modified mode [ 'internal/isIndex.js', 420, 438 ]
649 silly gunzTarPerm extractEntry internal/baseFilter.js
650 silly gunzTarPerm modified mode [ 'internal/baseFilter.js', 420, 438 ]
651 silly gunzTarPerm extractEntry internal/isIterateeCall.js
652 silly gunzTarPerm modified mode [ 'internal/isIterateeCall.js', 420, 438 ]
653 silly gunzTarPerm extractEntry internal/baseFill.js
654 silly gunzTarPerm modified mode [ 'internal/baseFill.js', 420, 438 ]
655 silly gunzTarPerm extractEntry internal/isLength.js
656 silly gunzTarPerm modified mode [ 'internal/isLength.js', 420, 438 ]
657 silly gunzTarPerm extractEntry internal/baseEvery.js
658 silly gunzTarPerm modified mode [ 'internal/baseEvery.js', 420, 438 ]
659 silly gunzTarPerm extractEntry internal/isObjectLike.js
660 silly gunzTarPerm modified mode [ 'internal/isObjectLike.js', 420, 438 ]
661 silly gunzTarPerm extractEntry internal/baseEachRight.js
662 silly gunzTarPerm modified mode [ 'internal/baseEachRight.js', 420, 438 ]
663 silly gunzTarPerm extractEntry internal/isSpace.js
664 silly gunzTarPerm modified mode [ 'internal/isSpace.js', 420, 438 ]
665 silly gunzTarPerm extractEntry internal/baseEach.js
666 silly gunzTarPerm modified mode [ 'internal/baseEach.js', 420, 438 ]
667 silly gunzTarPerm extractEntry internal/isStrictComparable.js
668 silly gunzTarPerm modified mode [ 'internal/isStrictComparable.js', 420, 438 ]
669 silly gunzTarPerm extractEntry internal/baseDifference.js
670 silly gunzTarPerm modified mode [ 'internal/baseDifference.js', 420, 438 ]
671 silly gunzTarPerm extractEntry internal/lazyClone.js
672 silly gunzTarPerm modified mode [ 'internal/lazyClone.js', 420, 438 ]
673 silly gunzTarPerm extractEntry internal/baseDelay.js
674 silly gunzTarPerm modified mode [ 'internal/baseDelay.js', 420, 438 ]
675 silly gunzTarPerm extractEntry internal/lazyReverse.js
676 silly gunzTarPerm modified mode [ 'internal/lazyReverse.js', 420, 438 ]
677 silly gunzTarPerm extractEntry internal/baseCreate.js
678 silly gunzTarPerm modified mode [ 'internal/baseCreate.js', 420, 438 ]
679 silly gunzTarPerm extractEntry internal/lazyValue.js
680 silly gunzTarPerm modified mode [ 'internal/lazyValue.js', 420, 438 ]
681 silly gunzTarPerm extractEntry internal/baseCopy.js
682 silly gunzTarPerm modified mode [ 'internal/baseCopy.js', 420, 438 ]
683 silly gunzTarPerm extractEntry internal/mapDelete.js
684 silly gunzTarPerm modified mode [ 'internal/mapDelete.js', 420, 438 ]
685 silly gunzTarPerm extractEntry internal/baseCompareAscending.js
686 silly gunzTarPerm modified mode [ 'internal/baseCompareAscending.js', 420, 438 ]
687 silly gunzTarPerm extractEntry internal/mapGet.js
688 silly gunzTarPerm modified mode [ 'internal/mapGet.js', 420, 438 ]
689 silly gunzTarPerm extractEntry internal/baseClone.js
690 silly gunzTarPerm modified mode [ 'internal/baseClone.js', 420, 438 ]
691 silly gunzTarPerm extractEntry internal/mapHas.js
692 silly gunzTarPerm modified mode [ 'internal/mapHas.js', 420, 438 ]
693 silly gunzTarPerm extractEntry internal/baseCallback.js
694 silly gunzTarPerm modified mode [ 'internal/baseCallback.js', 420, 438 ]
695 silly gunzTarPerm extractEntry internal/mapSet.js
696 silly gunzTarPerm modified mode [ 'internal/mapSet.js', 420, 438 ]
697 silly gunzTarPerm extractEntry internal/baseBindAll.js
698 silly gunzTarPerm modified mode [ 'internal/baseBindAll.js', 420, 438 ]
699 silly gunzTarPerm extractEntry internal/mergeData.js
700 silly gunzTarPerm modified mode [ 'internal/mergeData.js', 420, 438 ]
701 silly gunzTarPerm extractEntry internal/baseAt.js
702 silly gunzTarPerm modified mode [ 'internal/baseAt.js', 420, 438 ]
703 silly gunzTarPerm extractEntry internal/metaMap.js
704 silly gunzTarPerm modified mode [ 'internal/metaMap.js', 420, 438 ]
705 silly gunzTarPerm extractEntry internal/baseAssign.js
706 silly gunzTarPerm modified mode [ 'internal/baseAssign.js', 420, 438 ]
707 silly gunzTarPerm extractEntry internal/pickByArray.js
708 silly gunzTarPerm modified mode [ 'internal/pickByArray.js', 420, 438 ]
709 silly gunzTarPerm extractEntry internal/assignOwnDefaults.js
710 silly gunzTarPerm modified mode [ 'internal/assignOwnDefaults.js', 420, 438 ]
711 silly gunzTarPerm extractEntry internal/pickByCallback.js
712 silly gunzTarPerm modified mode [ 'internal/pickByCallback.js', 420, 438 ]
713 silly gunzTarPerm extractEntry internal/assignDefaults.js
714 silly gunzTarPerm modified mode [ 'internal/assignDefaults.js', 420, 438 ]
715 silly gunzTarPerm extractEntry internal/reEscape.js
716 silly gunzTarPerm modified mode [ 'internal/reEscape.js', 420, 438 ]
717 silly gunzTarPerm extractEntry internal/arraySome.js
718 silly gunzTarPerm modified mode [ 'internal/arraySome.js', 420, 438 ]
719 silly gunzTarPerm extractEntry internal/reEvaluate.js
720 silly gunzTarPerm modified mode [ 'internal/reEvaluate.js', 420, 438 ]
721 silly gunzTarPerm extractEntry internal/arrayReduceRight.js
722 silly gunzTarPerm modified mode [ 'internal/arrayReduceRight.js', 420, 438 ]
723 silly gunzTarPerm extractEntry internal/reInterpolate.js
724 silly gunzTarPerm modified mode [ 'internal/reInterpolate.js', 420, 438 ]
725 silly gunzTarPerm extractEntry internal/arrayReduce.js
726 silly gunzTarPerm modified mode [ 'internal/arrayReduce.js', 420, 438 ]
727 silly gunzTarPerm extractEntry internal/reorder.js
728 silly gunzTarPerm modified mode [ 'internal/reorder.js', 420, 438 ]
729 silly gunzTarPerm extractEntry internal/arrayMin.js
730 silly gunzTarPerm modified mode [ 'internal/arrayMin.js', 420, 438 ]
731 silly gunzTarPerm extractEntry internal/replaceHolders.js
732 silly gunzTarPerm modified mode [ 'internal/replaceHolders.js', 420, 438 ]
733 silly gunzTarPerm extractEntry internal/arrayMax.js
734 silly gunzTarPerm modified mode [ 'internal/arrayMax.js', 420, 438 ]
735 silly gunzTarPerm extractEntry internal/setData.js
736 silly gunzTarPerm modified mode [ 'internal/setData.js', 420, 438 ]
737 silly gunzTarPerm extractEntry internal/arrayMap.js
738 silly gunzTarPerm modified mode [ 'internal/arrayMap.js', 420, 438 ]
739 silly gunzTarPerm extractEntry internal/shimIsPlainObject.js
740 silly gunzTarPerm modified mode [ 'internal/shimIsPlainObject.js', 420, 438 ]
741 silly gunzTarPerm extractEntry internal/arrayFilter.js
742 silly gunzTarPerm modified mode [ 'internal/arrayFilter.js', 420, 438 ]
743 silly gunzTarPerm extractEntry internal/shimKeys.js
744 silly gunzTarPerm modified mode [ 'internal/shimKeys.js', 420, 438 ]
745 silly gunzTarPerm extractEntry internal/arrayEvery.js
746 silly gunzTarPerm modified mode [ 'internal/arrayEvery.js', 420, 438 ]
747 silly gunzTarPerm extractEntry internal/sortedUniq.js
748 silly gunzTarPerm modified mode [ 'internal/sortedUniq.js', 420, 438 ]
749 silly gunzTarPerm extractEntry internal/arrayEachRight.js
750 silly gunzTarPerm modified mode [ 'internal/arrayEachRight.js', 420, 438 ]
751 silly gunzTarPerm extractEntry internal/toIterable.js
752 silly gunzTarPerm modified mode [ 'internal/toIterable.js', 420, 438 ]
753 silly gunzTarPerm extractEntry internal/arrayEach.js
754 silly gunzTarPerm modified mode [ 'internal/arrayEach.js', 420, 438 ]
755 silly gunzTarPerm extractEntry internal/toObject.js
756 silly gunzTarPerm modified mode [ 'internal/toObject.js', 420, 438 ]
757 silly gunzTarPerm extractEntry internal/arrayCopy.js
758 silly gunzTarPerm modified mode [ 'internal/arrayCopy.js', 420, 438 ]
759 silly gunzTarPerm extractEntry internal/trimmedLeftIndex.js
760 silly gunzTarPerm modified mode [ 'internal/trimmedLeftIndex.js', 420, 438 ]
761 silly gunzTarPerm extractEntry internal/SetCache.js
762 silly gunzTarPerm modified mode [ 'internal/SetCache.js', 420, 438 ]
763 silly gunzTarPerm extractEntry internal/trimmedRightIndex.js
764 silly gunzTarPerm modified mode [ 'internal/trimmedRightIndex.js', 420, 438 ]
765 silly gunzTarPerm extractEntry internal/MapCache.js
766 silly gunzTarPerm modified mode [ 'internal/MapCache.js', 420, 438 ]
767 silly gunzTarPerm extractEntry internal/unescapeHtmlChar.js
768 silly gunzTarPerm modified mode [ 'internal/unescapeHtmlChar.js', 420, 438 ]
769 silly gunzTarPerm extractEntry internal/LodashWrapper.js
770 silly gunzTarPerm modified mode [ 'internal/LodashWrapper.js', 420, 438 ]
771 silly gunzTarPerm extractEntry internal/wrapperClone.js
772 silly gunzTarPerm modified mode [ 'internal/wrapperClone.js', 420, 438 ]
773 silly gunzTarPerm extractEntry internal/cacheIndexOf.js
774 silly gunzTarPerm modified mode [ 'internal/cacheIndexOf.js', 420, 438 ]
775 silly lockFile 272ffd67-board-client-node-modules-lodash tar://E:\Workspace\theboard-client\node_modules\lodash
776 silly lockFile 272ffd67-board-client-node-modules-lodash tar://E:\Workspace\theboard-client\node_modules\lodash
777 silly lockFile 5ca1a0c8-m-cache-lodash-3-2-0-package-tgz tar://C:\Users\Maxime\AppData\Roaming\npm-cache\lodash\3.2.0\package.tgz
778 silly lockFile 5ca1a0c8-m-cache-lodash-3-2-0-package-tgz tar://C:\Users\Maxime\AppData\Roaming\npm-cache\lodash\3.2.0\package.tgz
779 info preinstall lodash@3.2.0
780 verbose readDependencies using package.json deps
781 verbose readDependencies using package.json deps
782 silly resolved []
783 verbose about to build E:\Workspace\theboard-client\node_modules\lodash
784 info build E:\Workspace\theboard-client\node_modules\lodash
785 verbose linkStuff [ false,
785 verbose linkStuff   false,
785 verbose linkStuff   false,
785 verbose linkStuff   'E:\\Workspace\\theboard-client\\node_modules' ]
786 info linkStuff lodash@3.2.0
787 verbose linkBins lodash@3.2.0
788 verbose linkMans lodash@3.2.0
789 verbose rebuildBundles lodash@3.2.0
790 info install lodash@3.2.0
791 info postinstall lodash@3.2.0
792 warn unmet dependency E:\Workspace\theboard-client\node_modules\grunt-contrib-jst\node_modules\grunt-lib-contrib requires maxmin@'^0.1.0' but will load
792 warn unmet dependency E:\Workspace\theboard-client\node_modules\maxmin,
792 warn unmet dependency which is version 1.0.0
793 error peerinvalid The package grunt does not satisfy its siblings' peerDependencies requirements!
793 error peerinvalid Peer grunt-contrib-clean@0.5.0 wants grunt@~0.4.0
793 error peerinvalid Peer grunt-contrib-coffee@0.10.1 wants grunt@~0.4.0
793 error peerinvalid Peer grunt-contrib-concat@0.3.0 wants grunt@~0.4.0
793 error peerinvalid Peer grunt-contrib-copy@0.5.0 wants grunt@~0.4.0
793 error peerinvalid Peer grunt-contrib-cssmin@0.9.0 wants grunt@~0.4.1
793 error peerinvalid Peer grunt-contrib-jst@0.6.0 wants grunt@~0.4.0
793 error peerinvalid Peer grunt-contrib-less@0.11.4 wants grunt@~0.4.0
793 error peerinvalid Peer grunt-contrib-uglify@0.4.1 wants grunt@~0.4.0
793 error peerinvalid Peer grunt-contrib-watch@0.5.3 wants grunt@~0.4.0
793 error peerinvalid Peer grunt-contrib-jshint@0.11.0 wants grunt@~0.4.5
794 error System Windows_NT 6.2.9200
795 error command "C:\\Program Files\\nodejs\\\\node.exe" "C:\\Program Files\\nodejs\\node_modules\\npm\\bin\\npm-cli.js" "install" "lodash"
796 error cwd E:\Workspace\theboard-client
797 error node -v v0.10.36
798 error npm -v 1.4.28
799 error code EPEERINVALID
800 verbose exit [ 1, true ]
